
*** Running vivado
    with args -log FPGA.vds -m64 -product Vivado -mode batch -messageDb vivado.pb -notrace -source FPGA.tcl


****** Vivado v2023.1 (64-bit)
  **** SW Build 3865809 on Sun May  7 15:04:56 MDT 2023
  **** IP Build 3864474 on Sun May  7 20:36:21 MDT 2023
  **** SharedData Build 3865790 on Sun May 07 13:33:03 MDT 2023
    ** Copyright 1986-2022 Xilinx, Inc. All Rights Reserved.
    ** Copyright 2022-2023 Advanced Micro Devices, Inc. All Rights Reserved.

source FPGA.tcl -notrace
Command: read_checkpoint -auto_incremental -incremental /home/focused_xy/cs/ysyx/fpga/fpga.srcs/utils_1/imports/synth_1/FPGA.dcp
INFO: [Vivado 12-5825] Read reference checkpoint from /home/focused_xy/cs/ysyx/fpga/fpga.srcs/utils_1/imports/synth_1/FPGA.dcp for incremental synthesis
INFO: [Vivado 12-7989] Please ensure there are no constraint changes
Command: synth_design -top FPGA -part xc7z020clg400-1
Starting synth_design
Attempting to get a license for feature 'Synthesis' and/or device 'xc7z020'
INFO: [Common 17-349] Got license for feature 'Synthesis' and/or device 'xc7z020'
INFO: [Device 21-403] Loading part xc7z020clg400-1
INFO: [Designutils 20-5440] No compile time benefit to using incremental synthesis; A full resynthesis will be run
INFO: [Designutils 20-4379] Flow is switching to default flow due to incremental criteria not met. If you would like to alter this behaviour and have the flow terminate instead, please set the following parameter config_implementation {autoIncr.Synth.RejectBehavior Terminate}
INFO: [Synth 8-7079] Multithreading enabled for synth_design using a maximum of 4 processes.
INFO: [Synth 8-7078] Launching helper process for spawning children vivado processes
INFO: [Synth 8-7075] Helper process launched with PID 661818
---------------------------------------------------------------------------------
Starting RTL Elaboration : Time (s): cpu = 00:00:02 ; elapsed = 00:00:02 . Memory (MB): peak = 2031.996 ; gain = 377.699 ; free physical = 6892 ; free virtual = 15244
---------------------------------------------------------------------------------
INFO: [Synth 8-6157] synthesizing module 'FPGA' [/home/focused_xy/cs/ysyx/fpga/fpga.srcs/sources_1/imports/fpga/FPGA.sv:4294]
INFO: [Synth 8-6157] synthesizing module 'PLL_IP' [/home/focused_xy/cs/ysyx/fpga/fpga.srcs/sources_1/imports/fpga/FPGA.sv:55]
INFO: [Synth 8-6157] synthesizing module 'CLK_WIZ_IP' [/home/focused_xy/cs/ysyx/fpga/fpga.runs/synth_1/.Xil/Vivado-661602-FocusedXYArchlinuxLaptop/realtime/CLK_WIZ_IP_stub.v:6]
INFO: [Synth 8-6155] done synthesizing module 'CLK_WIZ_IP' (0#1) [/home/focused_xy/cs/ysyx/fpga/fpga.runs/synth_1/.Xil/Vivado-661602-FocusedXYArchlinuxLaptop/realtime/CLK_WIZ_IP_stub.v:6]
INFO: [Synth 8-6155] done synthesizing module 'PLL_IP' (0#1) [/home/focused_xy/cs/ysyx/fpga/fpga.srcs/sources_1/imports/fpga/FPGA.sv:55]
INFO: [Synth 8-6157] synthesizing module 'FPGA_RVCPU' [/home/focused_xy/cs/ysyx/fpga/fpga.srcs/sources_1/imports/fpga/FPGA.sv:3494]
INFO: [Synth 8-6157] synthesizing module 'IFU' [/home/focused_xy/cs/ysyx/fpga/fpga.srcs/sources_1/imports/fpga/FPGA.sv:74]
INFO: [Synth 8-6155] done synthesizing module 'IFU' (0#1) [/home/focused_xy/cs/ysyx/fpga/fpga.srcs/sources_1/imports/fpga/FPGA.sv:74]
INFO: [Synth 8-6157] synthesizing module 'ICache' [/home/focused_xy/cs/ysyx/fpga/fpga.srcs/sources_1/imports/fpga/FPGA.sv:114]
INFO: [Synth 8-6155] done synthesizing module 'ICache' (0#1) [/home/focused_xy/cs/ysyx/fpga/fpga.srcs/sources_1/imports/fpga/FPGA.sv:114]
INFO: [Synth 8-6157] synthesizing module 'IDU' [/home/focused_xy/cs/ysyx/fpga/fpga.srcs/sources_1/imports/fpga/FPGA.sv:427]
INFO: [Synth 8-6155] done synthesizing module 'IDU' (0#1) [/home/focused_xy/cs/ysyx/fpga/fpga.srcs/sources_1/imports/fpga/FPGA.sv:427]
INFO: [Synth 8-6157] synthesizing module 'EXU' [/home/focused_xy/cs/ysyx/fpga/fpga.srcs/sources_1/imports/fpga/FPGA.sv:854]
INFO: [Synth 8-6155] done synthesizing module 'EXU' (0#1) [/home/focused_xy/cs/ysyx/fpga/fpga.srcs/sources_1/imports/fpga/FPGA.sv:854]
INFO: [Synth 8-6157] synthesizing module 'LSU' [/home/focused_xy/cs/ysyx/fpga/fpga.srcs/sources_1/imports/fpga/FPGA.sv:3177]
INFO: [Synth 8-6155] done synthesizing module 'LSU' (0#1) [/home/focused_xy/cs/ysyx/fpga/fpga.srcs/sources_1/imports/fpga/FPGA.sv:3177]
INFO: [Synth 8-6157] synthesizing module 'WBU' [/home/focused_xy/cs/ysyx/fpga/fpga.srcs/sources_1/imports/fpga/FPGA.sv:3305]
INFO: [Synth 8-6155] done synthesizing module 'WBU' (0#1) [/home/focused_xy/cs/ysyx/fpga/fpga.srcs/sources_1/imports/fpga/FPGA.sv:3305]
INFO: [Synth 8-6157] synthesizing module 'RegFile' [/home/focused_xy/cs/ysyx/fpga/fpga.srcs/sources_1/imports/fpga/FPGA.sv:3324]
INFO: [Synth 8-6155] done synthesizing module 'RegFile' (0#1) [/home/focused_xy/cs/ysyx/fpga/fpga.srcs/sources_1/imports/fpga/FPGA.sv:3324]
INFO: [Synth 8-6155] done synthesizing module 'FPGA_RVCPU' (0#1) [/home/focused_xy/cs/ysyx/fpga/fpga.srcs/sources_1/imports/fpga/FPGA.sv:3494]
INFO: [Synth 8-6157] synthesizing module 'CLINT' [/home/focused_xy/cs/ysyx/fpga/fpga.srcs/sources_1/imports/fpga/FPGA.sv:4019]
INFO: [Synth 8-6155] done synthesizing module 'CLINT' (0#1) [/home/focused_xy/cs/ysyx/fpga/fpga.srcs/sources_1/imports/fpga/FPGA.sv:4019]
INFO: [Synth 8-6157] synthesizing module 'AXI4_RAM_IP' [/home/focused_xy/cs/ysyx/fpga/fpga.srcs/sources_1/imports/fpga/FPGA.sv:4098]
INFO: [Synth 8-6157] synthesizing module 'RAM_IP' [/home/focused_xy/cs/ysyx/fpga/fpga.runs/synth_1/.Xil/Vivado-661602-FocusedXYArchlinuxLaptop/realtime/RAM_IP_stub.v:6]
INFO: [Synth 8-6155] done synthesizing module 'RAM_IP' (0#1) [/home/focused_xy/cs/ysyx/fpga/fpga.runs/synth_1/.Xil/Vivado-661602-FocusedXYArchlinuxLaptop/realtime/RAM_IP_stub.v:6]
INFO: [Synth 8-6155] done synthesizing module 'AXI4_RAM_IP' (0#1) [/home/focused_xy/cs/ysyx/fpga/fpga.srcs/sources_1/imports/fpga/FPGA.sv:4098]
INFO: [Synth 8-6157] synthesizing module 'AXI4_UART_IP' [/home/focused_xy/cs/ysyx/fpga/fpga.srcs/sources_1/imports/fpga/FPGA.sv:4164]
INFO: [Synth 8-6157] synthesizing module 'AXI_UART_IP' [/home/focused_xy/cs/ysyx/fpga/fpga.runs/synth_1/.Xil/Vivado-661602-FocusedXYArchlinuxLaptop/realtime/AXI_UART_IP_stub.v:6]
INFO: [Synth 8-6155] done synthesizing module 'AXI_UART_IP' (0#1) [/home/focused_xy/cs/ysyx/fpga/fpga.runs/synth_1/.Xil/Vivado-661602-FocusedXYArchlinuxLaptop/realtime/AXI_UART_IP_stub.v:6]
INFO: [Synth 8-6157] synthesizing module 'AXI4_TO_AXI4Lite_IP' [/home/focused_xy/cs/ysyx/fpga/fpga.runs/synth_1/.Xil/Vivado-661602-FocusedXYArchlinuxLaptop/realtime/AXI4_TO_AXI4Lite_IP_stub.v:6]
INFO: [Synth 8-6155] done synthesizing module 'AXI4_TO_AXI4Lite_IP' (0#1) [/home/focused_xy/cs/ysyx/fpga/fpga.runs/synth_1/.Xil/Vivado-661602-FocusedXYArchlinuxLaptop/realtime/AXI4_TO_AXI4Lite_IP_stub.v:6]
INFO: [Synth 8-6155] done synthesizing module 'AXI4_UART_IP' (0#1) [/home/focused_xy/cs/ysyx/fpga/fpga.srcs/sources_1/imports/fpga/FPGA.sv:4164]
INFO: [Synth 8-6155] done synthesizing module 'FPGA' (0#1) [/home/focused_xy/cs/ysyx/fpga/fpga.srcs/sources_1/imports/fpga/FPGA.sv:4294]
WARNING: [Synth 8-7129] Port io_araddr[1] in module CLINT is either unconnected or has no load
WARNING: [Synth 8-7129] Port io_araddr[0] in module CLINT is either unconnected or has no load
---------------------------------------------------------------------------------
Finished RTL Elaboration : Time (s): cpu = 00:00:03 ; elapsed = 00:00:03 . Memory (MB): peak = 2116.934 ; gain = 462.637 ; free physical = 6837 ; free virtual = 15133
---------------------------------------------------------------------------------
---------------------------------------------------------------------------------
Start Handling Custom Attributes
---------------------------------------------------------------------------------
---------------------------------------------------------------------------------
Finished Handling Custom Attributes : Time (s): cpu = 00:00:03 ; elapsed = 00:00:03 . Memory (MB): peak = 2134.746 ; gain = 480.449 ; free physical = 6829 ; free virtual = 15126
---------------------------------------------------------------------------------
---------------------------------------------------------------------------------
Finished RTL Optimization Phase 1 : Time (s): cpu = 00:00:03 ; elapsed = 00:00:03 . Memory (MB): peak = 2134.746 ; gain = 480.449 ; free physical = 6829 ; free virtual = 15126
---------------------------------------------------------------------------------
Netlist sorting complete. Time (s): cpu = 00:00:00.01 ; elapsed = 00:00:00.02 . Memory (MB): peak = 2134.746 ; gain = 0.000 ; free physical = 6829 ; free virtual = 15125
INFO: [Project 1-570] Preparing netlist for logic optimization

Processing XDC Constraints
Initializing timing engine
Parsing XDC File [/home/focused_xy/cs/ysyx/fpga/fpga.gen/sources_1/ip/AXI4_TO_AXI4Lite_IP/AXI4_TO_AXI4Lite_IP/AXI4_TO_AXI4Lite_IP_in_context.xdc] for cell 'uart/AXI4_TO_AXI4Lite'
Finished Parsing XDC File [/home/focused_xy/cs/ysyx/fpga/fpga.gen/sources_1/ip/AXI4_TO_AXI4Lite_IP/AXI4_TO_AXI4Lite_IP/AXI4_TO_AXI4Lite_IP_in_context.xdc] for cell 'uart/AXI4_TO_AXI4Lite'
Parsing XDC File [/home/focused_xy/cs/ysyx/fpga/fpga.gen/sources_1/ip/AXI_UART_IP/AXI_UART_IP/AXI_UART_IP_in_context.xdc] for cell 'uart/uart'
Finished Parsing XDC File [/home/focused_xy/cs/ysyx/fpga/fpga.gen/sources_1/ip/AXI_UART_IP/AXI_UART_IP/AXI_UART_IP_in_context.xdc] for cell 'uart/uart'
Parsing XDC File [/home/focused_xy/cs/ysyx/fpga/fpga.gen/sources_1/ip/CLK_WIZ_IP/CLK_WIZ_IP/CLK_WIZ_IP_in_context.xdc] for cell 'pll/pll'
Finished Parsing XDC File [/home/focused_xy/cs/ysyx/fpga/fpga.gen/sources_1/ip/CLK_WIZ_IP/CLK_WIZ_IP/CLK_WIZ_IP_in_context.xdc] for cell 'pll/pll'
Parsing XDC File [/home/focused_xy/cs/ysyx/fpga/fpga.gen/sources_1/ip/RAM_IP/RAM_IP/RAM_IP_in_context.xdc] for cell 'bram/Mem'
Finished Parsing XDC File [/home/focused_xy/cs/ysyx/fpga/fpga.gen/sources_1/ip/RAM_IP/RAM_IP/RAM_IP_in_context.xdc] for cell 'bram/Mem'
Parsing XDC File [/home/focused_xy/cs/ysyx/fpga/fpga.srcs/constrs_1/imports/pynq-z2_v1.0.xdc/PYNQ-Z2 v1.0.xdc]
Finished Parsing XDC File [/home/focused_xy/cs/ysyx/fpga/fpga.srcs/constrs_1/imports/pynq-z2_v1.0.xdc/PYNQ-Z2 v1.0.xdc]
INFO: [Project 1-236] Implementation specific constraints were found while reading constraint file [/home/focused_xy/cs/ysyx/fpga/fpga.srcs/constrs_1/imports/pynq-z2_v1.0.xdc/PYNQ-Z2 v1.0.xdc]. These constraints will be ignored for synthesis but will be used in implementation. Impacted constraints are listed in the file [.Xil/FPGA_propImpl.xdc].
Resolution: To avoid this warning, move constraints listed in [.Xil/FPGA_propImpl.xdc] to another XDC file and exclude this new file from synthesis with the used_in_synthesis property (File Properties dialog in GUI) and re-run elaboration/synthesis.
Parsing XDC File [/home/focused_xy/cs/ysyx/fpga/fpga.runs/synth_1/dont_touch.xdc]
Finished Parsing XDC File [/home/focused_xy/cs/ysyx/fpga/fpga.runs/synth_1/dont_touch.xdc]
Completed Processing XDC Constraints

Netlist sorting complete. Time (s): cpu = 00:00:00 ; elapsed = 00:00:00 . Memory (MB): peak = 2281.527 ; gain = 0.000 ; free physical = 6898 ; free virtual = 15152
INFO: [Project 1-111] Unisim Transformation Summary:
No Unisim elements were transformed.

Constraint Validation Runtime : Time (s): cpu = 00:00:00 ; elapsed = 00:00:00.01 . Memory (MB): peak = 2281.527 ; gain = 0.000 ; free physical = 6897 ; free virtual = 15151
WARNING: [Timing 38-316] Clock period '100.000' specified during out-of-context synthesis of instance 'uart/AXI4_TO_AXI4Lite' at clock pin 'aclk' is different from the actual clock period '20.000', this can lead to different synthesis results.
INFO: [Designutils 20-5440] No compile time benefit to using incremental synthesis; A full resynthesis will be run
INFO: [Designutils 20-4379] Flow is switching to default flow due to incremental criteria not met. If you would like to alter this behaviour and have the flow terminate instead, please set the following parameter config_implementation {autoIncr.Synth.RejectBehavior Terminate}
---------------------------------------------------------------------------------
Finished Constraint Validation : Time (s): cpu = 00:00:06 ; elapsed = 00:00:07 . Memory (MB): peak = 2281.527 ; gain = 627.230 ; free physical = 6868 ; free virtual = 15137
---------------------------------------------------------------------------------
---------------------------------------------------------------------------------
Start Loading Part and Timing Information
---------------------------------------------------------------------------------
Loading part: xc7z020clg400-1
---------------------------------------------------------------------------------
Finished Loading Part and Timing Information : Time (s): cpu = 00:00:06 ; elapsed = 00:00:07 . Memory (MB): peak = 2281.527 ; gain = 627.230 ; free physical = 6868 ; free virtual = 15137
---------------------------------------------------------------------------------
---------------------------------------------------------------------------------
Start Applying 'set_property' XDC Constraints
---------------------------------------------------------------------------------
Applied set_property IO_BUFFER_TYPE = NONE for clock. (constraint file  /home/focused_xy/cs/ysyx/fpga/fpga.gen/sources_1/ip/CLK_WIZ_IP/CLK_WIZ_IP/CLK_WIZ_IP_in_context.xdc, line 7).
Applied set_property CLOCK_BUFFER_TYPE = NONE for clock. (constraint file  /home/focused_xy/cs/ysyx/fpga/fpga.gen/sources_1/ip/CLK_WIZ_IP/CLK_WIZ_IP/CLK_WIZ_IP_in_context.xdc, line 8).
Applied set_property KEEP_HIERARCHY = SOFT for uart/AXI4_TO_AXI4Lite. (constraint file  auto generated constraint).
Applied set_property KEEP_HIERARCHY = SOFT for uart/uart. (constraint file  auto generated constraint).
Applied set_property KEEP_HIERARCHY = SOFT for pll/pll. (constraint file  auto generated constraint).
Applied set_property KEEP_HIERARCHY = SOFT for bram/Mem. (constraint file  auto generated constraint).
---------------------------------------------------------------------------------
Finished applying 'set_property' XDC Constraints : Time (s): cpu = 00:00:06 ; elapsed = 00:00:07 . Memory (MB): peak = 2281.527 ; gain = 627.230 ; free physical = 6868 ; free virtual = 15137
---------------------------------------------------------------------------------
---------------------------------------------------------------------------------
Finished RTL Optimization Phase 2 : Time (s): cpu = 00:00:07 ; elapsed = 00:00:07 . Memory (MB): peak = 2281.527 ; gain = 627.230 ; free physical = 6846 ; free virtual = 15133
---------------------------------------------------------------------------------
---------------------------------------------------------------------------------
Start RTL Component Statistics 
---------------------------------------------------------------------------------
Detailed RTL Component Info : 
+---Adders : 
	   3 Input   33 Bit       Adders := 1     
	   2 Input   32 Bit       Adders := 7     
	   2 Input    4 Bit       Adders := 1     
+---XORs : 
	   2 Input     32 Bit         XORs := 2     
	   2 Input      1 Bit         XORs := 2     
+---Registers : 
	               32 Bit    Registers := 44    
	               26 Bit    Registers := 2     
	                4 Bit    Registers := 5     
	                3 Bit    Registers := 5     
	                2 Bit    Registers := 5     
	                1 Bit    Registers := 34    
+---Muxes : 
	   2 Input   32 Bit        Muxes := 84    
	   4 Input   32 Bit        Muxes := 1     
	   5 Input   32 Bit        Muxes := 1     
	   2 Input   26 Bit        Muxes := 2     
	   2 Input   13 Bit        Muxes := 1     
	   2 Input   11 Bit        Muxes := 1     
	   2 Input    8 Bit        Muxes := 4     
	   2 Input    6 Bit        Muxes := 1     
	   2 Input    4 Bit        Muxes := 5     
	   2 Input    3 Bit        Muxes := 7     
	   2 Input    2 Bit        Muxes := 8     
	   3 Input    2 Bit        Muxes := 2     
	   2 Input    1 Bit        Muxes := 45    
	   4 Input    1 Bit        Muxes := 161   
	   5 Input    1 Bit        Muxes := 1     
---------------------------------------------------------------------------------
Finished RTL Component Statistics 
---------------------------------------------------------------------------------
---------------------------------------------------------------------------------
Start Part Resource Summary
---------------------------------------------------------------------------------
Part Resources:
DSPs: 220 (col length:60)
BRAMs: 280 (col length: RAMB18 60 RAMB36 30)
---------------------------------------------------------------------------------
Finished Part Resource Summary
---------------------------------------------------------------------------------
---------------------------------------------------------------------------------
Start Cross Boundary and Area Optimization
---------------------------------------------------------------------------------
WARNING: [Synth 8-7080] Parallel synthesis criteria is not met
---------------------------------------------------------------------------------
Finished Cross Boundary and Area Optimization : Time (s): cpu = 00:00:13 ; elapsed = 00:00:13 . Memory (MB): peak = 2281.527 ; gain = 627.230 ; free physical = 6845 ; free virtual = 15100
---------------------------------------------------------------------------------
---------------------------------------------------------------------------------
Start Applying XDC Timing Constraints
---------------------------------------------------------------------------------
---------------------------------------------------------------------------------
Finished Applying XDC Timing Constraints : Time (s): cpu = 00:00:15 ; elapsed = 00:00:16 . Memory (MB): peak = 2281.527 ; gain = 627.230 ; free physical = 6852 ; free virtual = 15104
---------------------------------------------------------------------------------
---------------------------------------------------------------------------------
Start Timing Optimization
---------------------------------------------------------------------------------
---------------------------------------------------------------------------------
Finished Timing Optimization : Time (s): cpu = 00:00:20 ; elapsed = 00:00:20 . Memory (MB): peak = 2281.527 ; gain = 627.230 ; free physical = 6982 ; free virtual = 14974
---------------------------------------------------------------------------------
---------------------------------------------------------------------------------
Start Technology Mapping
---------------------------------------------------------------------------------
---------------------------------------------------------------------------------
Finished Technology Mapping : Time (s): cpu = 00:00:21 ; elapsed = 00:00:21 . Memory (MB): peak = 2281.527 ; gain = 627.230 ; free physical = 6973 ; free virtual = 14965
---------------------------------------------------------------------------------
---------------------------------------------------------------------------------
Start IO Insertion
---------------------------------------------------------------------------------
---------------------------------------------------------------------------------
Start Flattening Before IO Insertion
---------------------------------------------------------------------------------
---------------------------------------------------------------------------------
Finished Flattening Before IO Insertion
---------------------------------------------------------------------------------
---------------------------------------------------------------------------------
Start Final Netlist Cleanup
---------------------------------------------------------------------------------
---------------------------------------------------------------------------------
Finished Final Netlist Cleanup
---------------------------------------------------------------------------------
---------------------------------------------------------------------------------
Finished IO Insertion : Time (s): cpu = 00:00:22 ; elapsed = 00:00:23 . Memory (MB): peak = 2281.527 ; gain = 627.230 ; free physical = 7037 ; free virtual = 15040
---------------------------------------------------------------------------------
---------------------------------------------------------------------------------
Start Renaming Generated Instances
---------------------------------------------------------------------------------
---------------------------------------------------------------------------------
Finished Renaming Generated Instances : Time (s): cpu = 00:00:22 ; elapsed = 00:00:23 . Memory (MB): peak = 2281.527 ; gain = 627.230 ; free physical = 7037 ; free virtual = 15040
---------------------------------------------------------------------------------
---------------------------------------------------------------------------------
Start Rebuilding User Hierarchy
---------------------------------------------------------------------------------
---------------------------------------------------------------------------------
Finished Rebuilding User Hierarchy : Time (s): cpu = 00:00:22 ; elapsed = 00:00:23 . Memory (MB): peak = 2281.527 ; gain = 627.230 ; free physical = 7036 ; free virtual = 15039
---------------------------------------------------------------------------------
---------------------------------------------------------------------------------
Start Renaming Generated Ports
---------------------------------------------------------------------------------
---------------------------------------------------------------------------------
Finished Renaming Generated Ports : Time (s): cpu = 00:00:22 ; elapsed = 00:00:23 . Memory (MB): peak = 2281.527 ; gain = 627.230 ; free physical = 7036 ; free virtual = 15038
---------------------------------------------------------------------------------
---------------------------------------------------------------------------------
Start Handling Custom Attributes
---------------------------------------------------------------------------------
---------------------------------------------------------------------------------
Finished Handling Custom Attributes : Time (s): cpu = 00:00:22 ; elapsed = 00:00:23 . Memory (MB): peak = 2281.527 ; gain = 627.230 ; free physical = 7037 ; free virtual = 15039
---------------------------------------------------------------------------------
---------------------------------------------------------------------------------
Start Renaming Generated Nets
---------------------------------------------------------------------------------
---------------------------------------------------------------------------------
Finished Renaming Generated Nets : Time (s): cpu = 00:00:22 ; elapsed = 00:00:23 . Memory (MB): peak = 2281.527 ; gain = 627.230 ; free physical = 7037 ; free virtual = 15039
---------------------------------------------------------------------------------
---------------------------------------------------------------------------------
Start Writing Synthesis Report
---------------------------------------------------------------------------------

Report BlackBoxes: 
+------+--------------------+----------+
|      |BlackBox name       |Instances |
+------+--------------------+----------+
|1     |RAM_IP              |         1|
|2     |CLK_WIZ_IP          |         1|
|3     |AXI_UART_IP         |         1|
|4     |AXI4_TO_AXI4Lite_IP |         1|
+------+--------------------+----------+

Report Cell Usage: 
+------+--------------------+------+
|      |Cell                |Count |
+------+--------------------+------+
|1     |AXI4_TO_AXI4Lite_IP |     1|
|2     |AXI_UART_IP         |     1|
|3     |CLK_WIZ_IP          |     1|
|4     |RAM_IP              |     1|
|5     |CARRY4              |    64|
|6     |LUT1                |    11|
|7     |LUT2                |   127|
|8     |LUT3                |   213|
|9     |LUT4                |   257|
|10    |LUT5                |   567|
|11    |LUT6                |  1080|
|12    |MUXF7               |   193|
|13    |MUXF8               |    16|
|14    |FDRE                |  1619|
|15    |FDSE                |    12|
|16    |IBUF                |     2|
|17    |OBUF                |     1|
+------+--------------------+------+
---------------------------------------------------------------------------------
Finished Writing Synthesis Report : Time (s): cpu = 00:00:22 ; elapsed = 00:00:23 . Memory (MB): peak = 2281.527 ; gain = 627.230 ; free physical = 7037 ; free virtual = 15039
---------------------------------------------------------------------------------
Synthesis finished with 0 errors, 0 critical warnings and 1 warnings.
Synthesis Optimization Runtime : Time (s): cpu = 00:00:21 ; elapsed = 00:00:22 . Memory (MB): peak = 2281.527 ; gain = 480.449 ; free physical = 7037 ; free virtual = 15039
Synthesis Optimization Complete : Time (s): cpu = 00:00:23 ; elapsed = 00:00:23 . Memory (MB): peak = 2281.527 ; gain = 627.230 ; free physical = 7037 ; free virtual = 15039
INFO: [Project 1-571] Translating synthesized netlist
Netlist sorting complete. Time (s): cpu = 00:00:00.02 ; elapsed = 00:00:00.01 . Memory (MB): peak = 2281.527 ; gain = 0.000 ; free physical = 7295 ; free virtual = 15300
INFO: [Netlist 29-17] Analyzing 273 Unisim elements for replacement
INFO: [Netlist 29-28] Unisim Transformation completed in 0 CPU seconds
INFO: [Project 1-570] Preparing netlist for logic optimization
INFO: [Opt 31-138] Pushed 0 inverter(s) to 0 load pin(s).
Netlist sorting complete. Time (s): cpu = 00:00:00 ; elapsed = 00:00:00 . Memory (MB): peak = 2305.371 ; gain = 0.000 ; free physical = 7292 ; free virtual = 15298
INFO: [Project 1-111] Unisim Transformation Summary:
No Unisim elements were transformed.

Synth Design complete | Checksum: 1fee74b0
INFO: [Common 17-83] Releasing license: Synthesis
55 Infos, 4 Warnings, 0 Critical Warnings and 0 Errors encountered.
synth_design completed successfully
synth_design: Time (s): cpu = 00:00:27 ; elapsed = 00:00:26 . Memory (MB): peak = 2305.371 ; gain = 995.668 ; free physical = 7292 ; free virtual = 15297
INFO: [Common 17-2834] synth_design peak Physical Memory [PSS] (MB): overall = 1908.238; main = 1612.420; forked = 378.854
INFO: [Common 17-2834] synth_design peak Virtual Memory [VSS] (MB): overall = 3229.191; main = 2305.375; forked = 979.676
INFO: [Common 17-1381] The checkpoint '/home/focused_xy/cs/ysyx/fpga/fpga.runs/synth_1/FPGA.dcp' has been generated.
INFO: [runtcl-4] Executing : report_utilization -file FPGA_utilization_synth.rpt -pb FPGA_utilization_synth.pb
INFO: [Common 17-206] Exiting Vivado at Sat Dec  7 23:12:10 2024...
