
*** Running vivado
    with args -log FPGA.vdi -applog -m64 -product Vivado -messageDb vivado.pb -mode batch -source FPGA.tcl -notrace


****** Vivado v2023.1 (64-bit)
  **** SW Build 3865809 on Sun May  7 15:04:56 MDT 2023
  **** IP Build 3864474 on Sun May  7 20:36:21 MDT 2023
  **** SharedData Build 3865790 on Sun May 07 13:33:03 MDT 2023
    ** Copyright 1986-2022 Xilinx, Inc. All Rights Reserved.
    ** Copyright 2022-2023 Advanced Micro Devices, Inc. All Rights Reserved.

source FPGA.tcl -notrace
Command: link_design -top FPGA -part xc7z020clg400-1
Design is defaulting to srcset: sources_1
Design is defaulting to constrset: constrs_1
INFO: [Device 21-403] Loading part xc7z020clg400-1
INFO: [Project 1-454] Reading design checkpoint '/home/focused_xy/cs/ysyx/fpga/fpga.gen/sources_1/ip/RAM_IP/RAM_IP.dcp' for cell 'bram/Mem'
INFO: [Project 1-454] Reading design checkpoint '/home/focused_xy/cs/ysyx/fpga/fpga.gen/sources_1/ip/CLK_WIZ_IP/CLK_WIZ_IP.dcp' for cell 'pll/pll'
INFO: [Project 1-454] Reading design checkpoint '/home/focused_xy/cs/ysyx/fpga/fpga.gen/sources_1/ip/AXI4_TO_AXI4Lite_IP/AXI4_TO_AXI4Lite_IP.dcp' for cell 'uart/AXI4_TO_AXI4Lite'
INFO: [Project 1-454] Reading design checkpoint '/home/focused_xy/cs/ysyx/fpga/fpga.gen/sources_1/ip/AXI_UART_IP/AXI_UART_IP.dcp' for cell 'uart/uart'
Netlist sorting complete. Time (s): cpu = 00:00:00.04 ; elapsed = 00:00:00.04 . Memory (MB): peak = 1685.945 ; gain = 0.000 ; free physical = 7815 ; free virtual = 15863
INFO: [Netlist 29-17] Analyzing 560 Unisim elements for replacement
INFO: [Netlist 29-28] Unisim Transformation completed in 0 CPU seconds
INFO: [Project 1-479] Netlist was created with Vivado 2023.1
INFO: [Project 1-570] Preparing netlist for logic optimization
Parsing XDC File [/home/focused_xy/cs/ysyx/fpga/fpga.gen/sources_1/ip/AXI_UART_IP/AXI_UART_IP_board.xdc] for cell 'uart/uart/U0'
Finished Parsing XDC File [/home/focused_xy/cs/ysyx/fpga/fpga.gen/sources_1/ip/AXI_UART_IP/AXI_UART_IP_board.xdc] for cell 'uart/uart/U0'
Parsing XDC File [/home/focused_xy/cs/ysyx/fpga/fpga.gen/sources_1/ip/AXI_UART_IP/AXI_UART_IP.xdc] for cell 'uart/uart/U0'
Finished Parsing XDC File [/home/focused_xy/cs/ysyx/fpga/fpga.gen/sources_1/ip/AXI_UART_IP/AXI_UART_IP.xdc] for cell 'uart/uart/U0'
Parsing XDC File [/home/focused_xy/cs/ysyx/fpga/fpga.gen/sources_1/ip/CLK_WIZ_IP/CLK_WIZ_IP_board.xdc] for cell 'pll/pll/inst'
Finished Parsing XDC File [/home/focused_xy/cs/ysyx/fpga/fpga.gen/sources_1/ip/CLK_WIZ_IP/CLK_WIZ_IP_board.xdc] for cell 'pll/pll/inst'
Parsing XDC File [/home/focused_xy/cs/ysyx/fpga/fpga.gen/sources_1/ip/CLK_WIZ_IP/CLK_WIZ_IP.xdc] for cell 'pll/pll/inst'
INFO: [Timing 38-35] Done setting XDC timing constraints. [/home/focused_xy/cs/ysyx/fpga/fpga.gen/sources_1/ip/CLK_WIZ_IP/CLK_WIZ_IP.xdc:57]
INFO: [Timing 38-2] Deriving generated clocks [/home/focused_xy/cs/ysyx/fpga/fpga.gen/sources_1/ip/CLK_WIZ_IP/CLK_WIZ_IP.xdc:57]
Finished Parsing XDC File [/home/focused_xy/cs/ysyx/fpga/fpga.gen/sources_1/ip/CLK_WIZ_IP/CLK_WIZ_IP.xdc] for cell 'pll/pll/inst'
Parsing XDC File [/home/focused_xy/cs/ysyx/fpga/fpga.srcs/constrs_1/imports/pynq-z2_v1.0.xdc/PYNQ-Z2 v1.0.xdc]
Finished Parsing XDC File [/home/focused_xy/cs/ysyx/fpga/fpga.srcs/constrs_1/imports/pynq-z2_v1.0.xdc/PYNQ-Z2 v1.0.xdc]
INFO: [Opt 31-138] Pushed 0 inverter(s) to 0 load pin(s).
Netlist sorting complete. Time (s): cpu = 00:00:00 ; elapsed = 00:00:00 . Memory (MB): peak = 2433.363 ; gain = 0.000 ; free physical = 7267 ; free virtual = 15303
INFO: [Project 1-111] Unisim Transformation Summary:
  A total of 1 instances were transformed.
  RAM32M => RAM32M (RAMD32(x6), RAMS32(x2)): 1 instance 

13 Infos, 0 Warnings, 0 Critical Warnings and 0 Errors encountered.
link_design completed successfully
link_design: Time (s): cpu = 00:00:07 ; elapsed = 00:00:07 . Memory (MB): peak = 2433.363 ; gain = 1122.730 ; free physical = 7267 ; free virtual = 15303
Command: opt_design
Attempting to get a license for feature 'Implementation' and/or device 'xc7z020'
INFO: [Common 17-349] Got license for feature 'Implementation' and/or device 'xc7z020'
Running DRC as a precondition to command opt_design

Starting DRC Task
INFO: [DRC 23-27] Running DRC with 8 threads
INFO: [Project 1-461] DRC finished with 0 Errors
INFO: [Project 1-462] Please refer to the DRC report (report_drc) for more information.

Time (s): cpu = 00:00:00.68 ; elapsed = 00:00:00.41 . Memory (MB): peak = 2497.395 ; gain = 64.031 ; free physical = 7259 ; free virtual = 15297

Starting Cache Timing Information Task
INFO: [Timing 38-35] Done setting XDC timing constraints.
INFO: [Timing 38-2] Deriving generated clocks
Ending Cache Timing Information Task | Checksum: 1c4eee9be

Time (s): cpu = 00:00:00.31 ; elapsed = 00:00:00.13 . Memory (MB): peak = 2497.395 ; gain = 0.000 ; free physical = 7252 ; free virtual = 15290

Starting Logic Optimization Task

Phase 1 Retarget
INFO: [Opt 31-1566] Pulled 8 inverters resulting in an inversion of 34 pins
INFO: [Opt 31-138] Pushed 1 inverter(s) to 128 load pin(s).
INFO: [Opt 31-49] Retargeted 0 cell(s).
Phase 1 Retarget | Checksum: 10052c8c7

Time (s): cpu = 00:00:00.62 ; elapsed = 00:00:00.18 . Memory (MB): peak = 2759.145 ; gain = 0.000 ; free physical = 6937 ; free virtual = 14957
INFO: [Opt 31-389] Phase Retarget created 71 cells and removed 86 cells
INFO: [Opt 31-1021] In phase Retarget, 2 netlist objects are constrained preventing optimization. Please run opt_design with -debug_log to get more detail. 

Phase 2 Constant propagation
INFO: [Opt 31-138] Pushed 1 inverter(s) to 4 load pin(s).
Phase 2 Constant propagation | Checksum: 17479c4b1

Time (s): cpu = 00:00:00.68 ; elapsed = 00:00:00.24 . Memory (MB): peak = 2759.145 ; gain = 0.000 ; free physical = 6933 ; free virtual = 14953
INFO: [Opt 31-389] Phase Constant propagation created 168 cells and removed 431 cells

Phase 3 Sweep
Phase 3 Sweep | Checksum: 15ceeb824

Time (s): cpu = 00:00:00.79 ; elapsed = 00:00:00.35 . Memory (MB): peak = 2759.145 ; gain = 0.000 ; free physical = 6908 ; free virtual = 14928
INFO: [Opt 31-389] Phase Sweep created 0 cells and removed 660 cells

Phase 4 BUFG optimization
Phase 4 BUFG optimization | Checksum: 15ceeb824

Time (s): cpu = 00:00:00.85 ; elapsed = 00:00:00.38 . Memory (MB): peak = 2759.145 ; gain = 0.000 ; free physical = 6916 ; free virtual = 14936
INFO: [Opt 31-662] Phase BUFG optimization created 0 cells of which 0 are BUFGs and removed 0 cells.

Phase 5 Shift Register Optimization
INFO: [Opt 31-1064] SRL Remap converted 0 SRLs to 0 registers and converted 0 registers of register chains to 0 SRLs
Phase 5 Shift Register Optimization | Checksum: 13f9cc4c7

Time (s): cpu = 00:00:00.98 ; elapsed = 00:00:00.44 . Memory (MB): peak = 2759.145 ; gain = 0.000 ; free physical = 6909 ; free virtual = 14928
INFO: [Opt 31-389] Phase Shift Register Optimization created 0 cells and removed 0 cells

Phase 6 Post Processing Netlist
Phase 6 Post Processing Netlist | Checksum: 13f9cc4c7

Time (s): cpu = 00:00:00.99 ; elapsed = 00:00:00.45 . Memory (MB): peak = 2759.145 ; gain = 0.000 ; free physical = 6913 ; free virtual = 14933
INFO: [Opt 31-389] Phase Post Processing Netlist created 0 cells and removed 0 cells
Opt_design Change Summary
=========================


-------------------------------------------------------------------------------------------------------------------------
|  Phase                        |  #Cells created  |  #Cells Removed  |  #Constrained objects preventing optimizations  |
-------------------------------------------------------------------------------------------------------------------------
|  Retarget                     |              71  |              86  |                                              2  |
|  Constant propagation         |             168  |             431  |                                              0  |
|  Sweep                        |               0  |             660  |                                              0  |
|  BUFG optimization            |               0  |               0  |                                              0  |
|  Shift Register Optimization  |               0  |               0  |                                              0  |
|  Post Processing Netlist      |               0  |               0  |                                              0  |
-------------------------------------------------------------------------------------------------------------------------



Starting Connectivity Check Task

Time (s): cpu = 00:00:00.01 ; elapsed = 00:00:00.01 . Memory (MB): peak = 2759.145 ; gain = 0.000 ; free physical = 6913 ; free virtual = 14933
Ending Logic Optimization Task | Checksum: 13f9cc4c7

Time (s): cpu = 00:00:01 ; elapsed = 00:00:00.46 . Memory (MB): peak = 2759.145 ; gain = 0.000 ; free physical = 6913 ; free virtual = 14933

Starting Power Optimization Task
INFO: [Pwropt 34-132] Skipping clock gating for clocks with a period < 2.00 ns.
INFO: [Timing 38-35] Done setting XDC timing constraints.
Running Vector-less Activity Propagation...

Finished Running Vector-less Activity Propagation
INFO: [Pwropt 34-9] Applying IDT optimizations ...
INFO: [Pwropt 34-10] Applying ODC optimizations ...


Starting PowerOpt Patch Enables Task
INFO: [Pwropt 34-162] WRITE_MODE attribute of 0 BRAM(s) out of a total of 128 has been updated to save power. Run report_power_opt to get a complete listing of the BRAMs updated.
INFO: [Pwropt 34-201] Structural ODC has moved 0 WE to EN ports
Number of BRAM Ports augmented: 32 newly gated: 0 Total Ports: 256
Ending PowerOpt Patch Enables Task | Checksum: dcd415d5

Time (s): cpu = 00:00:00.21 ; elapsed = 00:00:00.21 . Memory (MB): peak = 3062.027 ; gain = 0.000 ; free physical = 7220 ; free virtual = 14819
Ending Power Optimization Task | Checksum: dcd415d5

Time (s): cpu = 00:00:06 ; elapsed = 00:00:05 . Memory (MB): peak = 3062.027 ; gain = 302.883 ; free physical = 7220 ; free virtual = 14820

Starting Final Cleanup Task
Ending Final Cleanup Task | Checksum: dcd415d5

Time (s): cpu = 00:00:00 ; elapsed = 00:00:00 . Memory (MB): peak = 3062.027 ; gain = 0.000 ; free physical = 7220 ; free virtual = 14819

Starting Netlist Obfuscation Task
Netlist sorting complete. Time (s): cpu = 00:00:00.01 ; elapsed = 00:00:00.01 . Memory (MB): peak = 3062.027 ; gain = 0.000 ; free physical = 7220 ; free virtual = 14820
Ending Netlist Obfuscation Task | Checksum: 14b05c451

Time (s): cpu = 00:00:00.01 ; elapsed = 00:00:00.01 . Memory (MB): peak = 3062.027 ; gain = 0.000 ; free physical = 7220 ; free virtual = 14820
INFO: [Common 17-83] Releasing license: Implementation
38 Infos, 0 Warnings, 0 Critical Warnings and 0 Errors encountered.
opt_design completed successfully
opt_design: Time (s): cpu = 00:00:09 ; elapsed = 00:00:07 . Memory (MB): peak = 3062.027 ; gain = 628.664 ; free physical = 7220 ; free virtual = 14820
INFO: [runtcl-4] Executing : report_drc -file FPGA_drc_opted.rpt -pb FPGA_drc_opted.pb -rpx FPGA_drc_opted.rpx
Command: report_drc -file FPGA_drc_opted.rpt -pb FPGA_drc_opted.pb -rpx FPGA_drc_opted.rpx
INFO: [IP_Flow 19-1839] IP Catalog is up to date.
INFO: [DRC 23-27] Running DRC with 8 threads
INFO: [Vivado_Tcl 2-168] The results of DRC are in file /home/focused_xy/cs/ysyx/fpga/fpga.runs/impl_1/FPGA_drc_opted.rpt.
report_drc completed successfully
INFO: [Timing 38-35] Done setting XDC timing constraints.
INFO: [Timing 38-480] Writing timing data to binary archive.
Writing XDEF routing.
Writing XDEF routing logical nets.
Writing XDEF routing special nets.
Write XDEF Complete: Time (s): cpu = 00:00:00.11 ; elapsed = 00:00:00.02 . Memory (MB): peak = 3062.027 ; gain = 0.000 ; free physical = 7158 ; free virtual = 14788
INFO: [Common 17-1381] The checkpoint '/home/focused_xy/cs/ysyx/fpga/fpga.runs/impl_1/FPGA_opt.dcp' has been generated.
Command: place_design
Attempting to get a license for feature 'Implementation' and/or device 'xc7z020'
INFO: [Common 17-349] Got license for feature 'Implementation' and/or device 'xc7z020'
INFO: [DRC 23-27] Running DRC with 8 threads
INFO: [Vivado_Tcl 4-198] DRC finished with 0 Errors
INFO: [Vivado_Tcl 4-199] Please refer to the DRC report (report_drc) for more information.
Running DRC as a precondition to command place_design
INFO: [DRC 23-27] Running DRC with 8 threads
INFO: [Vivado_Tcl 4-198] DRC finished with 0 Errors
INFO: [Vivado_Tcl 4-199] Please refer to the DRC report (report_drc) for more information.

Starting Placer Task
INFO: [Place 30-611] Multithreading enabled for place_design using a maximum of 8 CPUs

Phase 1 Placer Initialization

Phase 1.1 Placer Initialization Netlist Sorting
Netlist sorting complete. Time (s): cpu = 00:00:00 ; elapsed = 00:00:00 . Memory (MB): peak = 3062.027 ; gain = 0.000 ; free physical = 7145 ; free virtual = 14778
Phase 1.1 Placer Initialization Netlist Sorting | Checksum: bc2a2765

Time (s): cpu = 00:00:00 ; elapsed = 00:00:00.01 . Memory (MB): peak = 3062.027 ; gain = 0.000 ; free physical = 7145 ; free virtual = 14778
Netlist sorting complete. Time (s): cpu = 00:00:00 ; elapsed = 00:00:00 . Memory (MB): peak = 3062.027 ; gain = 0.000 ; free physical = 7145 ; free virtual = 14778

Phase 1.2 IO Placement/ Clock Placement/ Build Placer Device
Phase 1.2 IO Placement/ Clock Placement/ Build Placer Device | Checksum: 5bbc28d9

Time (s): cpu = 00:00:00.41 ; elapsed = 00:00:00.12 . Memory (MB): peak = 3062.027 ; gain = 0.000 ; free physical = 7136 ; free virtual = 14771

Phase 1.3 Build Placer Netlist Model
Phase 1.3 Build Placer Netlist Model | Checksum: 18decc569

Time (s): cpu = 00:00:02 ; elapsed = 00:00:00.56 . Memory (MB): peak = 3062.027 ; gain = 0.000 ; free physical = 7134 ; free virtual = 14773

Phase 1.4 Constrain Clocks/Macros
Phase 1.4 Constrain Clocks/Macros | Checksum: 18decc569

Time (s): cpu = 00:00:02 ; elapsed = 00:00:00.57 . Memory (MB): peak = 3062.027 ; gain = 0.000 ; free physical = 7134 ; free virtual = 14773
Phase 1 Placer Initialization | Checksum: 18decc569

Time (s): cpu = 00:00:02 ; elapsed = 00:00:00.57 . Memory (MB): peak = 3062.027 ; gain = 0.000 ; free physical = 7134 ; free virtual = 14773

Phase 2 Global Placement

Phase 2.1 Floorplanning
Phase 2.1 Floorplanning | Checksum: 17167a7a4

Time (s): cpu = 00:00:02 ; elapsed = 00:00:00.71 . Memory (MB): peak = 3062.027 ; gain = 0.000 ; free physical = 7136 ; free virtual = 14774

Phase 2.2 Update Timing before SLR Path Opt
Phase 2.2 Update Timing before SLR Path Opt | Checksum: 105244716

Time (s): cpu = 00:00:03 ; elapsed = 00:00:00.82 . Memory (MB): peak = 3062.027 ; gain = 0.000 ; free physical = 7158 ; free virtual = 14796

Phase 2.3 Post-Processing in Floorplanning
Phase 2.3 Post-Processing in Floorplanning | Checksum: 105244716

Time (s): cpu = 00:00:03 ; elapsed = 00:00:00.82 . Memory (MB): peak = 3062.027 ; gain = 0.000 ; free physical = 7158 ; free virtual = 14796

Phase 2.4 Global Placement Core

Phase 2.4.1 UpdateTiming Before Physical Synthesis
Phase 2.4.1 UpdateTiming Before Physical Synthesis | Checksum: 122667b30

Time (s): cpu = 00:00:10 ; elapsed = 00:00:03 . Memory (MB): peak = 3062.027 ; gain = 0.000 ; free physical = 7163 ; free virtual = 14792

Phase 2.4.2 Physical Synthesis In Placer
INFO: [Physopt 32-1035] Found 0 LUTNM shape to break, 342 LUT instances to create LUTNM shape
INFO: [Physopt 32-1044] Break lutnm for timing: one critical 0, two critical 0, total 0, new lutff created 0
INFO: [Physopt 32-1138] End 1 Pass. Optimized 147 nets or LUTs. Breaked 0 LUT, combined 147 existing LUTs and moved 0 existing LUT
INFO: [Physopt 32-65] No nets found for high-fanout optimization.
INFO: [Physopt 32-232] Optimized 0 net. Created 0 new instance.
INFO: [Physopt 32-775] End 1 Pass. Optimized 0 net or cell. Created 0 new cell, deleted 0 existing cell and moved 0 existing cell
INFO: [Physopt 32-670] No setup violation found.  DSP Register Optimization was not performed.
INFO: [Physopt 32-670] No setup violation found.  Shift Register to Pipeline Optimization was not performed.
INFO: [Physopt 32-670] No setup violation found.  Shift Register Optimization was not performed.
INFO: [Physopt 32-670] No setup violation found.  BRAM Register Optimization was not performed.
INFO: [Physopt 32-670] No setup violation found.  URAM Register Optimization was not performed.
INFO: [Physopt 32-949] No candidate nets found for dynamic/static region interface net replication
INFO: [Physopt 32-775] End 1 Pass. Optimized 0 net or cell. Created 0 new cell, deleted 0 existing cell and moved 0 existing cell
Netlist sorting complete. Time (s): cpu = 00:00:00.01 ; elapsed = 00:00:00 . Memory (MB): peak = 3062.027 ; gain = 0.000 ; free physical = 7154 ; free virtual = 14788

Summary of Physical Synthesis Optimizations
============================================


-----------------------------------------------------------------------------------------------------------------------------------------------------------
|  Optimization                                     |  Added Cells  |  Removed Cells  |  Optimized Cells/Nets  |  Dont Touch  |  Iterations  |  Elapsed   |
-----------------------------------------------------------------------------------------------------------------------------------------------------------
|  LUT Combining                                    |            0  |            147  |                   147  |           0  |           1  |  00:00:00  |
|  Retime                                           |            0  |              0  |                     0  |           0  |           1  |  00:00:00  |
|  Very High Fanout                                 |            0  |              0  |                     0  |           0  |           1  |  00:00:00  |
|  DSP Register                                     |            0  |              0  |                     0  |           0  |           0  |  00:00:00  |
|  Shift Register to Pipeline                       |            0  |              0  |                     0  |           0  |           0  |  00:00:00  |
|  Shift Register                                   |            0  |              0  |                     0  |           0  |           0  |  00:00:00  |
|  BRAM Register                                    |            0  |              0  |                     0  |           0  |           0  |  00:00:00  |
|  URAM Register                                    |            0  |              0  |                     0  |           0  |           0  |  00:00:00  |
|  Dynamic/Static Region Interface Net Replication  |            0  |              0  |                     0  |           0  |           1  |  00:00:00  |
|  Total                                            |            0  |            147  |                   147  |           0  |           4  |  00:00:00  |
-----------------------------------------------------------------------------------------------------------------------------------------------------------


Phase 2.4.2 Physical Synthesis In Placer | Checksum: 1710ca1f2

Time (s): cpu = 00:00:11 ; elapsed = 00:00:03 . Memory (MB): peak = 3062.027 ; gain = 0.000 ; free physical = 7152 ; free virtual = 14785
Phase 2.4 Global Placement Core | Checksum: 1901cf528

Time (s): cpu = 00:00:12 ; elapsed = 00:00:03 . Memory (MB): peak = 3062.027 ; gain = 0.000 ; free physical = 7147 ; free virtual = 14780
Phase 2 Global Placement | Checksum: 1901cf528

Time (s): cpu = 00:00:12 ; elapsed = 00:00:03 . Memory (MB): peak = 3062.027 ; gain = 0.000 ; free physical = 7147 ; free virtual = 14781

Phase 3 Detail Placement

Phase 3.1 Commit Multi Column Macros
Phase 3.1 Commit Multi Column Macros | Checksum: 14e054f49

Time (s): cpu = 00:00:12 ; elapsed = 00:00:04 . Memory (MB): peak = 3062.027 ; gain = 0.000 ; free physical = 7148 ; free virtual = 14782

Phase 3.2 Commit Most Macros & LUTRAMs
Phase 3.2 Commit Most Macros & LUTRAMs | Checksum: aefcfa26

Time (s): cpu = 00:00:13 ; elapsed = 00:00:04 . Memory (MB): peak = 3062.027 ; gain = 0.000 ; free physical = 7146 ; free virtual = 14780

Phase 3.3 Area Swap Optimization
Phase 3.3 Area Swap Optimization | Checksum: 145afb8c7

Time (s): cpu = 00:00:13 ; elapsed = 00:00:04 . Memory (MB): peak = 3062.027 ; gain = 0.000 ; free physical = 7145 ; free virtual = 14779

Phase 3.4 Pipeline Register Optimization
Phase 3.4 Pipeline Register Optimization | Checksum: 1273a0aab

Time (s): cpu = 00:00:13 ; elapsed = 00:00:04 . Memory (MB): peak = 3062.027 ; gain = 0.000 ; free physical = 7145 ; free virtual = 14780

Phase 3.5 Small Shape Detail Placement
Phase 3.5 Small Shape Detail Placement | Checksum: 1b26e6684

Time (s): cpu = 00:00:14 ; elapsed = 00:00:04 . Memory (MB): peak = 3062.027 ; gain = 0.000 ; free physical = 7137 ; free virtual = 14772

Phase 3.6 Re-assign LUT pins
Phase 3.6 Re-assign LUT pins | Checksum: 1009a2610

Time (s): cpu = 00:00:14 ; elapsed = 00:00:05 . Memory (MB): peak = 3062.027 ; gain = 0.000 ; free physical = 7137 ; free virtual = 14772

Phase 3.7 Pipeline Register Optimization
Phase 3.7 Pipeline Register Optimization | Checksum: ea3802a7

Time (s): cpu = 00:00:15 ; elapsed = 00:00:05 . Memory (MB): peak = 3062.027 ; gain = 0.000 ; free physical = 7139 ; free virtual = 14773
Phase 3 Detail Placement | Checksum: ea3802a7

Time (s): cpu = 00:00:15 ; elapsed = 00:00:05 . Memory (MB): peak = 3062.027 ; gain = 0.000 ; free physical = 7139 ; free virtual = 14773

Phase 4 Post Placement Optimization and Clean-Up

Phase 4.1 Post Commit Optimization
INFO: [Timing 38-35] Done setting XDC timing constraints.

Phase 4.1.1 Post Placement Optimization
Post Placement Optimization Initialization | Checksum: 166448296

Phase 4.1.1.1 BUFG Insertion

Starting Physical Synthesis Task

Phase 1 Physical Synthesis Initialization
INFO: [Physopt 32-721] Multithreading enabled for phys_opt_design using a maximum of 8 CPUs
INFO: [Physopt 32-619] Estimated Timing Summary | WNS=5.032 | TNS=0.000 |
Phase 1 Physical Synthesis Initialization | Checksum: 14500f028

Time (s): cpu = 00:00:00.51 ; elapsed = 00:00:00.17 . Memory (MB): peak = 3062.027 ; gain = 0.000 ; free physical = 7138 ; free virtual = 14773
INFO: [Place 46-56] BUFG insertion identified 0 candidate nets. Inserted BUFG: 0, Replicated BUFG Driver: 0, Skipped due to Placement/Routing Conflicts: 0, Skipped due to Timing Degradation: 0, Skipped due to netlist editing failed: 0.
Ending Physical Synthesis Task | Checksum: 14500f028

Time (s): cpu = 00:00:00.55 ; elapsed = 00:00:00.21 . Memory (MB): peak = 3062.027 ; gain = 0.000 ; free physical = 7138 ; free virtual = 14772
Phase 4.1.1.1 BUFG Insertion | Checksum: 166448296

Time (s): cpu = 00:00:17 ; elapsed = 00:00:05 . Memory (MB): peak = 3062.027 ; gain = 0.000 ; free physical = 7138 ; free virtual = 14773

Phase 4.1.1.2 Post Placement Timing Optimization
INFO: [Place 30-746] Post Placement Timing Summary WNS=5.032. For the most accurate timing information please run report_timing.
Phase 4.1.1.2 Post Placement Timing Optimization | Checksum: ee11ecf7

Time (s): cpu = 00:00:17 ; elapsed = 00:00:05 . Memory (MB): peak = 3062.027 ; gain = 0.000 ; free physical = 7127 ; free virtual = 14761

Time (s): cpu = 00:00:17 ; elapsed = 00:00:05 . Memory (MB): peak = 3062.027 ; gain = 0.000 ; free physical = 7127 ; free virtual = 14761
Phase 4.1 Post Commit Optimization | Checksum: ee11ecf7

Time (s): cpu = 00:00:17 ; elapsed = 00:00:05 . Memory (MB): peak = 3062.027 ; gain = 0.000 ; free physical = 7111 ; free virtual = 14760

Phase 4.2 Post Placement Cleanup
Phase 4.2 Post Placement Cleanup | Checksum: ee11ecf7

Time (s): cpu = 00:00:17 ; elapsed = 00:00:05 . Memory (MB): peak = 3062.027 ; gain = 0.000 ; free physical = 7110 ; free virtual = 14760

Phase 4.3 Placer Reporting

Phase 4.3.1 Print Estimated Congestion
INFO: [Place 30-612] Post-Placement Estimated Congestion 
 ____________________________________________________
|           | Global Congestion | Short Congestion  |
| Direction | Region Size       | Region Size       |
|___________|___________________|___________________|
|      North|                1x1|                2x2|
|___________|___________________|___________________|
|      South|                1x1|                1x1|
|___________|___________________|___________________|
|       East|                1x1|                1x1|
|___________|___________________|___________________|
|       West|                1x1|                1x1|
|___________|___________________|___________________|

Phase 4.3.1 Print Estimated Congestion | Checksum: ee11ecf7

Time (s): cpu = 00:00:17 ; elapsed = 00:00:05 . Memory (MB): peak = 3062.027 ; gain = 0.000 ; free physical = 7110 ; free virtual = 14760
Phase 4.3 Placer Reporting | Checksum: ee11ecf7

Time (s): cpu = 00:00:17 ; elapsed = 00:00:05 . Memory (MB): peak = 3062.027 ; gain = 0.000 ; free physical = 7110 ; free virtual = 14759

Phase 4.4 Final Placement Cleanup
Netlist sorting complete. Time (s): cpu = 00:00:00 ; elapsed = 00:00:00 . Memory (MB): peak = 3062.027 ; gain = 0.000 ; free physical = 7112 ; free virtual = 14761

Time (s): cpu = 00:00:17 ; elapsed = 00:00:05 . Memory (MB): peak = 3062.027 ; gain = 0.000 ; free physical = 7112 ; free virtual = 14761
Phase 4 Post Placement Optimization and Clean-Up | Checksum: 13b3d4130

Time (s): cpu = 00:00:17 ; elapsed = 00:00:06 . Memory (MB): peak = 3062.027 ; gain = 0.000 ; free physical = 7112 ; free virtual = 14762
Ending Placer Task | Checksum: 10350a775

Time (s): cpu = 00:00:17 ; elapsed = 00:00:06 . Memory (MB): peak = 3062.027 ; gain = 0.000 ; free physical = 7112 ; free virtual = 14762
INFO: [Common 17-83] Releasing license: Implementation
73 Infos, 0 Warnings, 0 Critical Warnings and 0 Errors encountered.
place_design completed successfully
place_design: Time (s): cpu = 00:00:18 ; elapsed = 00:00:06 . Memory (MB): peak = 3062.027 ; gain = 0.000 ; free physical = 7112 ; free virtual = 14762
INFO: [runtcl-4] Executing : report_io -file FPGA_io_placed.rpt
report_io: Time (s): cpu = 00:00:00.03 ; elapsed = 00:00:00.07 . Memory (MB): peak = 3062.027 ; gain = 0.000 ; free physical = 7109 ; free virtual = 14758
INFO: [runtcl-4] Executing : report_utilization -file FPGA_utilization_placed.rpt -pb FPGA_utilization_placed.pb
INFO: [runtcl-4] Executing : report_control_sets -verbose -file FPGA_control_sets_placed.rpt
report_control_sets: Time (s): cpu = 00:00:00 ; elapsed = 00:00:00.05 . Memory (MB): peak = 3062.027 ; gain = 0.000 ; free physical = 7099 ; free virtual = 14749
INFO: [Timing 38-480] Writing timing data to binary archive.
Writing XDEF routing.
Writing XDEF routing logical nets.
Writing XDEF routing special nets.
Write XDEF Complete: Time (s): cpu = 00:00:00.76 ; elapsed = 00:00:00.27 . Memory (MB): peak = 3062.027 ; gain = 0.000 ; free physical = 7094 ; free virtual = 14753
INFO: [Common 17-1381] The checkpoint '/home/focused_xy/cs/ysyx/fpga/fpga.runs/impl_1/FPGA_placed.dcp' has been generated.
Command: phys_opt_design
Attempting to get a license for feature 'Implementation' and/or device 'xc7z020'
INFO: [Common 17-349] Got license for feature 'Implementation' and/or device 'xc7z020'

Starting Initial Update Timing Task

Time (s): cpu = 00:00:02 ; elapsed = 00:00:00.46 . Memory (MB): peak = 3062.027 ; gain = 0.000 ; free physical = 7095 ; free virtual = 14743
INFO: [Vivado_Tcl 4-383] Design worst setup slack (WNS) is greater than or equal to 0.000 ns. Skipping all physical synthesis optimizations.
INFO: [Vivado_Tcl 4-232] No setup violation found. The netlist was not modified.
INFO: [Common 17-83] Releasing license: Implementation
82 Infos, 0 Warnings, 0 Critical Warnings and 0 Errors encountered.
phys_opt_design completed successfully
INFO: [Timing 38-480] Writing timing data to binary archive.
Writing XDEF routing.
Writing XDEF routing logical nets.
Writing XDEF routing special nets.
Write XDEF Complete: Time (s): cpu = 00:00:00.81 ; elapsed = 00:00:00.3 . Memory (MB): peak = 3062.027 ; gain = 0.000 ; free physical = 7085 ; free virtual = 14741
INFO: [Common 17-1381] The checkpoint '/home/focused_xy/cs/ysyx/fpga/fpga.runs/impl_1/FPGA_physopt.dcp' has been generated.
Command: route_design
Attempting to get a license for feature 'Implementation' and/or device 'xc7z020'
INFO: [Common 17-349] Got license for feature 'Implementation' and/or device 'xc7z020'
Running DRC as a precondition to command route_design
INFO: [DRC 23-27] Running DRC with 8 threads
INFO: [Vivado_Tcl 4-198] DRC finished with 0 Errors
INFO: [Vivado_Tcl 4-199] Please refer to the DRC report (report_drc) for more information.


Starting Routing Task
INFO: [Route 35-254] Multithreading enabled for route_design using a maximum of 8 CPUs

Phase 1 Build RT Design
Checksum: PlaceDB: 43394ed6 ConstDB: 0 ShapeSum: c017589f RouteDB: 0
Post Restoration Checksum: NetGraph: c9674f0d | NumContArr: b4e6e701 | Constraints: 190a55ad | Timing: 0
Phase 1 Build RT Design | Checksum: 197588bbb

Time (s): cpu = 00:00:12 ; elapsed = 00:00:10 . Memory (MB): peak = 3062.027 ; gain = 0.000 ; free physical = 7123 ; free virtual = 14742

Phase 2 Router Initialization

Phase 2.1 Fix Topology Constraints
Phase 2.1 Fix Topology Constraints | Checksum: 197588bbb

Time (s): cpu = 00:00:12 ; elapsed = 00:00:10 . Memory (MB): peak = 3062.027 ; gain = 0.000 ; free physical = 7120 ; free virtual = 14739

Phase 2.2 Pre Route Cleanup
Phase 2.2 Pre Route Cleanup | Checksum: 197588bbb

Time (s): cpu = 00:00:12 ; elapsed = 00:00:10 . Memory (MB): peak = 3062.027 ; gain = 0.000 ; free physical = 7119 ; free virtual = 14739
 Number of Nodes with overlaps = 0

Phase 2.3 Update Timing
Phase 2.3 Update Timing | Checksum: 9abc264c

Time (s): cpu = 00:00:15 ; elapsed = 00:00:11 . Memory (MB): peak = 3062.027 ; gain = 0.000 ; free physical = 7078 ; free virtual = 14684
INFO: [Route 35-416] Intermediate Timing Summary | WNS=5.144  | TNS=0.000  | WHS=-0.267 | THS=-89.061|


Router Utilization Summary
  Global Vertical Routing Utilization    = 0 %
  Global Horizontal Routing Utilization  = 0 %
  Routable Net Status*
  *Does not include unroutable nets such as driverless and loadless.
  Run report_route_status for detailed report.
  Number of Failed Nets               = 5233
    (Failed Nets is the sum of unrouted and partially routed nets)
  Number of Unrouted Nets             = 5233
  Number of Partially Routed Nets     = 0
  Number of Node Overlaps             = 0

Phase 2 Router Initialization | Checksum: 110ad419b

Time (s): cpu = 00:00:16 ; elapsed = 00:00:11 . Memory (MB): peak = 3062.027 ; gain = 0.000 ; free physical = 7061 ; free virtual = 14667

Phase 3 Initial Routing

Phase 3.1 Global Routing
Phase 3.1 Global Routing | Checksum: 110ad419b

Time (s): cpu = 00:00:16 ; elapsed = 00:00:11 . Memory (MB): peak = 3062.027 ; gain = 0.000 ; free physical = 7061 ; free virtual = 14667
Phase 3 Initial Routing | Checksum: 2915d8902

Time (s): cpu = 00:00:19 ; elapsed = 00:00:12 . Memory (MB): peak = 3062.027 ; gain = 0.000 ; free physical = 7040 ; free virtual = 14646

Phase 4 Rip-up And Reroute

Phase 4.1 Global Iteration 0
 Number of Nodes with overlaps = 711
 Number of Nodes with overlaps = 28
 Number of Nodes with overlaps = 3
 Number of Nodes with overlaps = 0
INFO: [Route 35-416] Intermediate Timing Summary | WNS=5.269  | TNS=0.000  | WHS=N/A    | THS=N/A    |

Phase 4.1 Global Iteration 0 | Checksum: 1666cebb6

Time (s): cpu = 00:00:23 ; elapsed = 00:00:14 . Memory (MB): peak = 3062.027 ; gain = 0.000 ; free physical = 7023 ; free virtual = 14646

Phase 4.2 Global Iteration 1
 Number of Nodes with overlaps = 0
INFO: [Route 35-416] Intermediate Timing Summary | WNS=5.269  | TNS=0.000  | WHS=N/A    | THS=N/A    |

Phase 4.2 Global Iteration 1 | Checksum: 1f0846798

Time (s): cpu = 00:00:23 ; elapsed = 00:00:14 . Memory (MB): peak = 3062.027 ; gain = 0.000 ; free physical = 7007 ; free virtual = 14650
Phase 4 Rip-up And Reroute | Checksum: 1f0846798

Time (s): cpu = 00:00:23 ; elapsed = 00:00:14 . Memory (MB): peak = 3062.027 ; gain = 0.000 ; free physical = 7007 ; free virtual = 14649

Phase 5 Delay and Skew Optimization

Phase 5.1 Delay CleanUp
Phase 5.1 Delay CleanUp | Checksum: 1f0846798

Time (s): cpu = 00:00:23 ; elapsed = 00:00:14 . Memory (MB): peak = 3062.027 ; gain = 0.000 ; free physical = 7006 ; free virtual = 14649

Phase 5.2 Clock Skew Optimization
Phase 5.2 Clock Skew Optimization | Checksum: 1f0846798

Time (s): cpu = 00:00:23 ; elapsed = 00:00:14 . Memory (MB): peak = 3062.027 ; gain = 0.000 ; free physical = 7006 ; free virtual = 14650
Phase 5 Delay and Skew Optimization | Checksum: 1f0846798

Time (s): cpu = 00:00:23 ; elapsed = 00:00:14 . Memory (MB): peak = 3062.027 ; gain = 0.000 ; free physical = 7006 ; free virtual = 14649

Phase 6 Post Hold Fix

Phase 6.1 Hold Fix Iter

Phase 6.1.1 Update Timing
Phase 6.1.1 Update Timing | Checksum: 2ad20191e

Time (s): cpu = 00:00:24 ; elapsed = 00:00:14 . Memory (MB): peak = 3062.027 ; gain = 0.000 ; free physical = 7012 ; free virtual = 14654
INFO: [Route 35-416] Intermediate Timing Summary | WNS=5.283  | TNS=0.000  | WHS=0.019  | THS=0.000  |

Phase 6.1 Hold Fix Iter | Checksum: 236793b02

Time (s): cpu = 00:00:24 ; elapsed = 00:00:14 . Memory (MB): peak = 3062.027 ; gain = 0.000 ; free physical = 7012 ; free virtual = 14654
Phase 6 Post Hold Fix | Checksum: 236793b02

Time (s): cpu = 00:00:24 ; elapsed = 00:00:14 . Memory (MB): peak = 3062.027 ; gain = 0.000 ; free physical = 7012 ; free virtual = 14654

Phase 7 Route finalize

Router Utilization Summary
  Global Vertical Routing Utilization    = 2.56006 %
  Global Horizontal Routing Utilization  = 2.55468 %
  Routable Net Status*
  *Does not include unroutable nets such as driverless and loadless.
  Run report_route_status for detailed report.
  Number of Failed Nets               = 0
    (Failed Nets is the sum of unrouted and partially routed nets)
  Number of Unrouted Nets             = 0
  Number of Partially Routed Nets     = 0
  Number of Node Overlaps             = 0

Phase 7 Route finalize | Checksum: 1c54e85fa

Time (s): cpu = 00:00:24 ; elapsed = 00:00:14 . Memory (MB): peak = 3062.027 ; gain = 0.000 ; free physical = 7010 ; free virtual = 14649

Phase 8 Verifying routed nets

 Verification completed successfully
Phase 8 Verifying routed nets | Checksum: 1c54e85fa

Time (s): cpu = 00:00:24 ; elapsed = 00:00:14 . Memory (MB): peak = 3062.027 ; gain = 0.000 ; free physical = 7010 ; free virtual = 14652

Phase 9 Depositing Routes
Phase 9 Depositing Routes | Checksum: 16465cac3

Time (s): cpu = 00:00:24 ; elapsed = 00:00:14 . Memory (MB): peak = 3062.027 ; gain = 0.000 ; free physical = 7009 ; free virtual = 14651

Phase 10 Post Router Timing
INFO: [Route 35-57] Estimated Timing Summary | WNS=5.283  | TNS=0.000  | WHS=0.019  | THS=0.000  |

INFO: [Route 35-327] The final timing numbers are based on the router estimated timing analysis. For a complete and accurate timing signoff, please run report_timing_summary.
Phase 10 Post Router Timing | Checksum: 16465cac3

Time (s): cpu = 00:00:25 ; elapsed = 00:00:15 . Memory (MB): peak = 3062.027 ; gain = 0.000 ; free physical = 7009 ; free virtual = 14651
INFO: [Route 35-16] Router Completed Successfully

Phase 11 Post-Route Event Processing
Phase 11 Post-Route Event Processing | Checksum: d4dd4679

Time (s): cpu = 00:00:25 ; elapsed = 00:00:15 . Memory (MB): peak = 3062.027 ; gain = 0.000 ; free physical = 7009 ; free virtual = 14651

Time (s): cpu = 00:00:25 ; elapsed = 00:00:15 . Memory (MB): peak = 3062.027 ; gain = 0.000 ; free physical = 7009 ; free virtual = 14651

Routing Is Done.
INFO: [Common 17-83] Releasing license: Implementation
97 Infos, 0 Warnings, 0 Critical Warnings and 0 Errors encountered.
route_design completed successfully
route_design: Time (s): cpu = 00:00:26 ; elapsed = 00:00:15 . Memory (MB): peak = 3062.027 ; gain = 0.000 ; free physical = 7009 ; free virtual = 14651
INFO: [runtcl-4] Executing : report_drc -file FPGA_drc_routed.rpt -pb FPGA_drc_routed.pb -rpx FPGA_drc_routed.rpx
Command: report_drc -file FPGA_drc_routed.rpt -pb FPGA_drc_routed.pb -rpx FPGA_drc_routed.rpx
INFO: [IP_Flow 19-1839] IP Catalog is up to date.
INFO: [DRC 23-27] Running DRC with 8 threads
INFO: [Vivado_Tcl 2-168] The results of DRC are in file /home/focused_xy/cs/ysyx/fpga/fpga.runs/impl_1/FPGA_drc_routed.rpt.
report_drc completed successfully
INFO: [runtcl-4] Executing : report_methodology -file FPGA_methodology_drc_routed.rpt -pb FPGA_methodology_drc_routed.pb -rpx FPGA_methodology_drc_routed.rpx
Command: report_methodology -file FPGA_methodology_drc_routed.rpt -pb FPGA_methodology_drc_routed.pb -rpx FPGA_methodology_drc_routed.rpx
INFO: [Timing 38-35] Done setting XDC timing constraints.
INFO: [DRC 23-133] Running Methodology with 8 threads
INFO: [Vivado_Tcl 2-1520] The results of Report Methodology are in file /home/focused_xy/cs/ysyx/fpga/fpga.runs/impl_1/FPGA_methodology_drc_routed.rpt.
report_methodology completed successfully
INFO: [runtcl-4] Executing : report_power -file FPGA_power_routed.rpt -pb FPGA_power_summary_routed.pb -rpx FPGA_power_routed.rpx
Command: report_power -file FPGA_power_routed.rpt -pb FPGA_power_summary_routed.pb -rpx FPGA_power_routed.rpx
INFO: [Timing 38-35] Done setting XDC timing constraints.
Running Vector-less Activity Propagation...

Finished Running Vector-less Activity Propagation
107 Infos, 0 Warnings, 0 Critical Warnings and 0 Errors encountered.
report_power completed successfully
INFO: [runtcl-4] Executing : report_route_status -file FPGA_route_status.rpt -pb FPGA_route_status.pb
INFO: [runtcl-4] Executing : report_timing_summary -max_paths 10 -report_unconstrained -file FPGA_timing_summary_routed.rpt -pb FPGA_timing_summary_routed.pb -rpx FPGA_timing_summary_routed.rpx -warn_on_violation 
INFO: [Timing 38-91] UpdateTimingParams: Speed grade: -1, Delay Type: min_max.
INFO: [Timing 38-191] Multithreading enabled for timing update using a maximum of 8 CPUs
INFO: [runtcl-4] Executing : report_incremental_reuse -file FPGA_incremental_reuse_routed.rpt
INFO: [Vivado_Tcl 4-1062] Incremental flow is disabled. No incremental reuse Info to report.
INFO: [runtcl-4] Executing : report_clock_utilization -file FPGA_clock_utilization_routed.rpt
INFO: [runtcl-4] Executing : report_bus_skew -warn_on_violation -file FPGA_bus_skew_routed.rpt -pb FPGA_bus_skew_routed.pb -rpx FPGA_bus_skew_routed.rpx
INFO: [Timing 38-91] UpdateTimingParams: Speed grade: -1, Delay Type: min_max.
INFO: [Timing 38-191] Multithreading enabled for timing update using a maximum of 8 CPUs
INFO: [Timing 38-480] Writing timing data to binary archive.
Writing XDEF routing.
Writing XDEF routing logical nets.
Writing XDEF routing special nets.
Write XDEF Complete: Time (s): cpu = 00:00:00.94 ; elapsed = 00:00:00.35 . Memory (MB): peak = 3149.246 ; gain = 0.000 ; free physical = 7430 ; free virtual = 14429
INFO: [Common 17-1381] The checkpoint '/home/focused_xy/cs/ysyx/fpga/fpga.runs/impl_1/FPGA_routed.dcp' has been generated.
Command: write_bitstream -force FPGA.bit
Attempting to get a license for feature 'Implementation' and/or device 'xc7z020'
INFO: [Common 17-349] Got license for feature 'Implementation' and/or device 'xc7z020'
Running DRC as a precondition to command write_bitstream
INFO: [IP_Flow 19-1839] IP Catalog is up to date.
INFO: [DRC 23-27] Running DRC with 8 threads
WARNING: [DRC ZPS7-1] PS7 block required: The PS7 cell must be used in this Zynq design in order to enable correct default configuration.
INFO: [Vivado 12-3199] DRC finished with 0 Errors, 1 Warnings
INFO: [Vivado 12-3200] Please refer to the DRC report (report_drc) for more information.
INFO: [Designutils 20-2272] Running write_bitstream with 8 threads.
Loading data files...
Loading site data...
Loading route data...
Processing options...
Creating bitmap...
Creating bitstream...
Writing bitstream ./FPGA.bit...
INFO: [Vivado 12-1842] Bitgen Completed Successfully.
INFO: [Project 1-1876] WebTalk data collection is mandatory when using a ULT device. To see the specific WebTalk data collected for your design, open the usage_statistics_webtalk.html or usage_statistics_webtalk.xml file in the implementation directory.
INFO: [Common 17-83] Releasing license: Implementation
14 Infos, 1 Warnings, 0 Critical Warnings and 0 Errors encountered.
write_bitstream completed successfully
write_bitstream: Time (s): cpu = 00:00:15 ; elapsed = 00:00:16 . Memory (MB): peak = 3480.859 ; gain = 331.613 ; free physical = 7361 ; free virtual = 14036
INFO: [Common 17-206] Exiting Vivado at Sat Dec  7 23:13:26 2024...
