Copyright 1986-2022 Xilinx, Inc. All Rights Reserved. Copyright 2022-2024 Advanced Micro Devices, Inc. All Rights Reserved.
---------------------------------------------------------------------------------------------------------------------------------------------
| Tool Version : Vivado v.2024.2 (lin64) Build 5239630 Fri Nov 08 22:34:34 MST 2024
| Date         : Tue Dec 10 16:28:19 2024
| Host         : FocusedXYArchlinuxLaptop running 64-bit Arch Linux
| Command      : upgrade_ip
| Device       : xc7z020clg400-1
---------------------------------------------------------------------------------------------------------------------------------------------

Upgrade Log for IP 'TOP_rst_clk_wiz_0_100M_0'

1. Summary
----------

SUCCESS in the update of TOP_rst_clk_wiz_0_100M_0 (xilinx.com:ip:proc_sys_reset:5.0 (Rev. 16)) to current project options.






Copyright 1986-2022 Xilinx, Inc. All Rights Reserved. Copyright 2022-2024 Advanced Micro Devices, Inc. All Rights Reserved.
---------------------------------------------------------------------------------------------------------------------------------------------
| Tool Version : Vivado v.2024.2 (lin64) Build 5239630 Fri Nov 08 22:34:34 MST 2024
| Date         : Tue Dec 10 16:28:19 2024
| Host         : FocusedXYArchlinuxLaptop running 64-bit Arch Linux
| Command      : upgrade_ip
| Device       : xc7z020clg400-1
---------------------------------------------------------------------------------------------------------------------------------------------

Upgrade Log for IP 'TOP_clk_wiz_0_0'

1. Summary
----------

SUCCESS in the update of TOP_clk_wiz_0_0 (xilinx.com:ip:clk_wiz:6.0 (Rev. 15)) to current project options.






Copyright 1986-2022 Xilinx, Inc. All Rights Reserved. Copyright 2022-2024 Advanced Micro Devices, Inc. All Rights Reserved.
---------------------------------------------------------------------------------------------------------------------------------------------
| Tool Version : Vivado v.2024.2 (lin64) Build 5239630 Fri Nov 08 22:34:34 MST 2024
| Date         : Tue Dec 10 16:28:19 2024
| Host         : FocusedXYArchlinuxLaptop running 64-bit Arch Linux
| Command      : upgrade_ip
| Device       : xc7z020clg400-1
---------------------------------------------------------------------------------------------------------------------------------------------

Upgrade Log for IP 'TOP_axi_uartlite_0_0'

1. Summary
----------

SUCCESS in the update of TOP_axi_uartlite_0_0 (xilinx.com:ip:axi_uartlite:2.0 (Rev. 37)) to current project options.






Copyright 1986-2022 Xilinx, Inc. All Rights Reserved. Copyright 2022-2024 Advanced Micro Devices, Inc. All Rights Reserved.
---------------------------------------------------------------------------------------------------------------------------------------------
| Tool Version : Vivado v.2024.2 (lin64) Build 5239630 Fri Nov 08 22:34:34 MST 2024
| Date         : Tue Dec 10 16:28:19 2024
| Host         : FocusedXYArchlinuxLaptop running 64-bit Arch Linux
| Command      : upgrade_ip
| Device       : xc7z020clg400-1
---------------------------------------------------------------------------------------------------------------------------------------------

Upgrade Log for IP 'TOP_axi_gpio_0_0'

1. Summary
----------

SUCCESS in the update of TOP_axi_gpio_0_0 (xilinx.com:ip:axi_gpio:2.0 (Rev. 35)) to current project options.






Copyright 1986-2022 Xilinx, Inc. All Rights Reserved. Copyright 2022-2024 Advanced Micro Devices, Inc. All Rights Reserved.
---------------------------------------------------------------------------------------------------------------------------------------------
| Tool Version : Vivado v.2024.2 (lin64) Build 5239630 Fri Nov 08 22:34:34 MST 2024
| Date         : Tue Dec 10 13:47:19 2024
| Host         : FocusedXYArchlinuxLaptop running 64-bit Arch Linux
| Command      : upgrade_ip
| Device       : xc7z020clg400-1
---------------------------------------------------------------------------------------------------------------------------------------------

Upgrade Log for IP 'TOP_rst_clk_wiz_0_100M_0'

1. Summary
----------

SUCCESS in the upgrade of TOP_rst_clk_wiz_0_100M_0 (xilinx.com:ip:proc_sys_reset:5.0) from (Rev. 13) to (Rev. 16)






Copyright 1986-2022 Xilinx, Inc. All Rights Reserved. Copyright 2022-2024 Advanced Micro Devices, Inc. All Rights Reserved.
---------------------------------------------------------------------------------------------------------------------------------------------
| Tool Version : Vivado v.2024.2 (lin64) Build 5239630 Fri Nov 08 22:34:34 MST 2024
| Date         : Tue Dec 10 13:47:19 2024
| Host         : FocusedXYArchlinuxLaptop running 64-bit Arch Linux
| Command      : upgrade_ip
| Device       : xc7z020clg400-1
---------------------------------------------------------------------------------------------------------------------------------------------

Upgrade Log for IP 'TOP_clk_wiz_0_0'

1. Summary
----------

SUCCESS in the upgrade of TOP_clk_wiz_0_0 (xilinx.com:ip:clk_wiz:6.0) from (Rev. 12) to (Rev. 15)






Copyright 1986-2022 Xilinx, Inc. All Rights Reserved. Copyright 2022-2024 Advanced Micro Devices, Inc. All Rights Reserved.
---------------------------------------------------------------------------------------------------------------------------------------------
| Tool Version : Vivado v.2024.2 (lin64) Build 5239630 Fri Nov 08 22:34:34 MST 2024
| Date         : Tue Dec 10 13:47:19 2024
| Host         : FocusedXYArchlinuxLaptop running 64-bit Arch Linux
| Command      : upgrade_ip
| Device       : xc7z020clg400-1
---------------------------------------------------------------------------------------------------------------------------------------------

Upgrade Log for IP 'TOP_axi_uartlite_0_0'

1. Summary
----------

SUCCESS in the upgrade of TOP_axi_uartlite_0_0 (xilinx.com:ip:axi_uartlite:2.0) from (Rev. 32) to (Rev. 37)






Copyright 1986-2022 Xilinx, Inc. All Rights Reserved. Copyright 2022-2024 Advanced Micro Devices, Inc. All Rights Reserved.
---------------------------------------------------------------------------------------------------------------------------------------------
| Tool Version : Vivado v.2024.2 (lin64) Build 5239630 Fri Nov 08 22:34:34 MST 2024
| Date         : Tue Dec 10 13:47:19 2024
| Host         : FocusedXYArchlinuxLaptop running 64-bit Arch Linux
| Command      : upgrade_ip
| Device       : xc7z020clg400-1
---------------------------------------------------------------------------------------------------------------------------------------------

Upgrade Log for IP 'TOP_axi_interconnect_0_0'

1. Summary
----------

SUCCESS in the upgrade of TOP_axi_interconnect_0_0 (xilinx.com:ip:axi_interconnect:2.1) from (Rev. 29) to (Rev. 34)






Copyright 1986-2022 Xilinx, Inc. All Rights Reserved. Copyright 2022-2024 Advanced Micro Devices, Inc. All Rights Reserved.
---------------------------------------------------------------------------------------------------------------------------------------------
| Tool Version : Vivado v.2024.2 (lin64) Build 5239630 Fri Nov 08 22:34:34 MST 2024
| Date         : Tue Dec 10 13:47:19 2024
| Host         : FocusedXYArchlinuxLaptop running 64-bit Arch Linux
| Command      : upgrade_ip
| Device       : xc7z020clg400-1
---------------------------------------------------------------------------------------------------------------------------------------------

Upgrade Log for IP 'TOP_axi_gpio_0_0'

1. Summary
----------

SUCCESS in the upgrade of TOP_axi_gpio_0_0 (xilinx.com:ip:axi_gpio:2.0) from (Rev. 30) to (Rev. 35)






Copyright 1986-2022 Xilinx, Inc. All Rights Reserved. Copyright 2022-2024 Advanced Micro Devices, Inc. All Rights Reserved.
---------------------------------------------------------------------------------------------------------------------------------------------
| Tool Version : Vivado v.2024.2 (lin64) Build 5239630 Fri Nov 08 22:34:34 MST 2024
| Date         : Tue Dec 10 13:47:14 2024
| Host         : FocusedXYArchlinuxLaptop running 64-bit Arch Linux
| Command      : upgrade_ip
| Device       : xc7z020clg400-1
---------------------------------------------------------------------------------------------------------------------------------------------

Upgrade Log for IP 'RAM_IP'

1. Summary
----------

SUCCESS in the upgrade of RAM_IP (xilinx.com:ip:blk_mem_gen:8.4) from (Rev. 6) to (Rev. 9)

